<?xml version="1.0" encoding="UTF-8"?>
<testsuite name="hello.hello_spring.service.MemberServiceTest" tests="4" skipped="0" failures="0" errors="0" timestamp="2025-04-20T01:44:02.110Z" hostname="Macmini.kornet" time="0.036">
  <properties/>
  <testcase name="findOne()" classname="hello.hello_spring.service.MemberServiceTest" time="0.009"/>
  <testcase name="중복_회원_예외()" classname="hello.hello_spring.service.MemberServiceTest" time="0.003"/>
  <testcase name="회원가입()" classname="hello.hello_spring.service.MemberServiceTest" time="0.022"/>
  <testcase name="findMembers()" classname="hello.hello_spring.service.MemberServiceTest" time="0.0"/>
  <system-out><![CDATA[]]></system-out>
  <system-err><![CDATA[]]></system-err>
</testsuite>
